run_id: run_20260212_103952
book_id: criticulous_b1
started_at: 2026-02-12T10:39:52Z
[bookforge] Using existing scene card: ch001 sc002
[bookforge] Loading character states (cast only): ch001 sc002...
[bookforge] Character states loaded OK
[bookforge] Character state snapshots written: 2
[bookforge] Preflight state alignment: ch001 sc002...
[bookforge] Using preflight patch from phase history
[bookforge] Preflight alignment complete OK
[bookforge] Generating continuity pack: ch001 sc002...
[bookforge] Using continuity pack from phase history
[bookforge] Continuity pack ready OK
[bookforge] Writing scene: ch001 sc002...
[bookforge] Using write artifacts from phase history
[bookforge] Write complete OK
[bookforge] Repairing state: ch001 sc002...
[bookforge] State repair complete OK
[bookforge] Linting scene: ch001 sc002...
[bookforge] Lint status: fail
[bookforge] Repairing scene: ch001 sc002...
[bookforge] Repair complete OK
[bookforge] Repairing state: ch001 sc002...
[bookforge] State repair complete OK
[bookforge] Linting scene: ch001 sc002...
[bookforge] Lint status: fail
[bookforge] Applying state patch...
[bookforge] State updated OK
[bookforge] Updating character states...
[bookforge] Character states updated OK
[bookforge] Durable state updated OK
[bookforge] Persisting scene files...
[bookforge] Scene files written OK
[bookforge] Advancing cursor -> ch001 sc003
[bookforge] Planning chapter 1 scene 3...
[bookforge] Planned scene card: ch001 sc003 OK
[bookforge] Loading character states (cast only): ch001 sc003...
[bookforge] Character states loaded OK
[bookforge] Character state snapshots written: 2
[bookforge] Preflight state alignment: ch001 sc003...
[bookforge] Durable state updated (preflight) OK
[bookforge] Preflight alignment complete OK
[bookforge] Generating continuity pack: ch001 sc003...
[bookforge] Continuity pack ready OK
[bookforge] Writing scene: ch001 sc003...
[bookforge] Write complete OK
[bookforge] Repairing state: ch001 sc003...
[bookforge] State repair complete OK
[bookforge] Linting scene: ch001 sc003...
[bookforge] Lint status: fail
[bookforge] Repairing scene: ch001 sc003...
[bookforge] Repair complete OK
[bookforge] Repairing state: ch001 sc003...
[bookforge] State repair complete OK
[bookforge] Linting scene: ch001 sc003...
[bookforge] Lint status: fail
[bookforge] Applying state patch...
[bookforge] State updated OK
[bookforge] Updating character states...
[bookforge] Character states updated OK
[bookforge] Durable state updated OK
[bookforge] Persisting scene files...
[bookforge] Scene files written OK
[bookforge] Advancing cursor -> ch001 sc004
[bookforge] Planning chapter 1 scene 4...
[bookforge] Planned scene card: ch001 sc004 OK
[bookforge] Loading character states (cast only): ch001 sc004...
[bookforge] Character states loaded OK
[bookforge] Character state snapshots written: 1
[bookforge] Preflight state alignment: ch001 sc004...
[bookforge] Preflight alignment complete OK
[bookforge] Generating continuity pack: ch001 sc004...
[bookforge] Continuity pack ready OK
[bookforge] Writing scene: ch001 sc004...
[bookforge] Write complete OK
[bookforge] Repairing state: ch001 sc004...
[bookforge] State repair complete OK
[bookforge] Linting scene: ch001 sc004...
[bookforge] Lint status: pass
[bookforge] Applying state patch...
[bookforge] State updated OK
[bookforge] Updating character states...
[bookforge] Character states updated OK
[bookforge] Durable state updated OK
[bookforge] Persisting scene files...
[bookforge] Scene files written OK
[bookforge] Advancing cursor -> ch001 sc005
[bookforge] Planning chapter 1 scene 5...
[bookforge] Planned scene card: ch001 sc005 OK
[bookforge] Loading character states (cast only): ch001 sc005...
[bookforge] Character states loaded OK
[bookforge] Character state snapshots written: 2
[bookforge] Preflight state alignment: ch001 sc005...
[bookforge] Durable state updated (preflight) OK
[bookforge] Preflight alignment complete OK
[bookforge] Generating continuity pack: ch001 sc005...
[bookforge] Continuity pack ready OK
[bookforge] Writing scene: ch001 sc005...
[bookforge] Write complete OK
[bookforge] Repairing state: ch001 sc005...
[bookforge] State repair complete OK
