run_id: run_20260213_234311
book_id: criticulous_b1
started_at: 2026-02-13T23:43:11Z
[bookforge] Planning chapter 2 scene 1...
[bookforge] Planned scene card: ch002 sc001 OK
[bookforge] Loading character states (cast only): ch002 sc001...
[bookforge] Character states loaded OK
[bookforge] Character state snapshots written: 2
[bookforge] Preflight state alignment: ch002 sc001...
[bookforge] Durable state updated (preflight) OK
[bookforge] Preflight alignment complete OK
[bookforge] Generating continuity pack: ch002 sc001...
[bookforge] Continuity pack ready OK
[bookforge] Writing scene: ch002 sc001...
[bookforge] Write complete OK
[bookforge] Repairing state: ch002 sc001...
[bookforge] State repair complete OK
[bookforge] Linting scene: ch002 sc001...
[bookforge] Lint status: fail
[bookforge] Repairing scene: ch002 sc001...
[bookforge] Repair complete OK
[bookforge] Repairing state: ch002 sc001...
[bookforge] State repair complete OK
[bookforge] Linting scene: ch002 sc001...
[bookforge] Lint status: pass
[bookforge] Applying state patch...
[bookforge] State updated OK
[bookforge] Updating character states...
[bookforge] Character states updated OK
[bookforge] Durable state updated OK
[bookforge] Persisting scene files...
[bookforge] Scene files written OK
[bookforge] Advancing cursor -> ch002 sc002
