run_id: run_20260213_093518
book_id: criticulous_b1
started_at: 2026-02-13T09:35:18Z
[bookforge] Planning chapter 1 scene 7...
[bookforge] Planned scene card: ch001 sc007 OK
[bookforge] Loading character states (cast only): ch001 sc007...
[bookforge] Character states loaded OK
[bookforge] Character state snapshots written: 2
[bookforge] Preflight state alignment: ch001 sc007...
[bookforge] Durable state updated (preflight) OK
[bookforge] Preflight alignment complete OK
[bookforge] Generating continuity pack: ch001 sc007...
[bookforge] Continuity pack ready OK
[bookforge] Writing scene: ch001 sc007...
[bookforge] Write complete OK
[bookforge] Repairing state: ch001 sc007...
[bookforge] State repair complete OK
[bookforge] Linting scene: ch001 sc007...
[bookforge] Lint status: fail
[bookforge] Repairing scene: ch001 sc007...
[bookforge] Repair complete OK
[bookforge] Repairing state: ch001 sc007...
[bookforge] State repair complete OK
[bookforge] Linting scene: ch001 sc007...
[bookforge] Lint status: pass
[bookforge] Applying state patch...
[bookforge] State updated OK
[bookforge] Updating character states...
[bookforge] Character states updated OK
[bookforge] Durable state updated OK
[bookforge] Persisting scene files...
[bookforge] Scene files written OK
[bookforge] Advancing cursor -> ch001 sc008
