run_id: run_20260213_095857
book_id: criticulous_b1
started_at: 2026-02-13T09:58:57Z
[bookforge] Planning chapter 1 scene 8...
[bookforge] Planned scene card: ch001 sc008 OK
[bookforge] Loading character states (cast only): ch001 sc008...
[bookforge] Character states loaded OK
[bookforge] Character state snapshots written: 2
[bookforge] Preflight state alignment: ch001 sc008...
[bookforge] Durable state updated (preflight) OK
[bookforge] Preflight alignment complete OK
[bookforge] Generating continuity pack: ch001 sc008...
[bookforge] Continuity pack ready OK
[bookforge] Writing scene: ch001 sc008...
[bookforge] Write complete OK
[bookforge] Repairing state: ch001 sc008...
[bookforge] State repair complete OK
[bookforge] Linting scene: ch001 sc008...
[bookforge] Lint status: fail
[bookforge] Repairing scene: ch001 sc008...
[bookforge] Repair complete OK
[bookforge] Repairing state: ch001 sc008...
[bookforge] State repair complete OK
[bookforge] Linting scene: ch001 sc008...
[bookforge] Lint status: fail
[bookforge] Applying state patch...
[bookforge] State updated OK
[bookforge] Updating character states...
[bookforge] Character states updated OK
[bookforge] Durable state updated OK
[bookforge] Persisting scene files...
[bookforge] Scene files written OK
[bookforge] Rolling up chapter summary: ch001...
[bookforge] Compiling chapter: ch001...
[bookforge] Chapter compiled OK
[bookforge] Advancing cursor -> ch002 sc001
