run_id: run_20260214_015009
book_id: criticulous_b1
started_at: 2026-02-14T01:50:09Z
[bookforge] Using existing scene card: ch002 sc006
[bookforge] Loading character states (cast only): ch002 sc006...
[bookforge] Character states loaded OK
[bookforge] Character state snapshots written: 2
[bookforge] Preflight state alignment: ch002 sc006...
[bookforge] Durable state updated (preflight) OK
[bookforge] Preflight alignment complete OK
[bookforge] Generating continuity pack: ch002 sc006...
[bookforge] Continuity pack ready OK
[bookforge] Writing scene: ch002 sc006...
[bookforge] Write complete OK
[bookforge] Repairing state: ch002 sc006...
[bookforge] State repair complete OK
[bookforge] Linting scene: ch002 sc006...
[bookforge] Lint status: fail
[bookforge] Repairing scene: ch002 sc006...
[bookforge] Repair complete OK
[bookforge] Repairing state: ch002 sc006...
[bookforge] State repair complete OK
[bookforge] Linting scene: ch002 sc006...
[bookforge] Lint status: pass
[bookforge] Applying state patch...
[bookforge] State updated OK
[bookforge] Updating character states...
[bookforge] Character states updated OK
[bookforge] Durable state updated OK
[bookforge] Persisting scene files...
[bookforge] Scene files written OK
[bookforge] Advancing cursor -> ch002 sc007
