run_id: run_20260213_085104
book_id: criticulous_b1
started_at: 2026-02-13T08:51:04Z
[bookforge] Planning chapter 1 scene 4...
[bookforge] Planned scene card: ch001 sc004 OK
[bookforge] Loading character states (cast only): ch001 sc004...
[bookforge] Character states loaded OK
[bookforge] Character state snapshots written: 1
[bookforge] Preflight state alignment: ch001 sc004...
[bookforge] Durable state updated (preflight) OK
[bookforge] Preflight alignment complete OK
[bookforge] Generating continuity pack: ch001 sc004...
[bookforge] Continuity pack ready OK
[bookforge] Writing scene: ch001 sc004...
[bookforge] Write complete OK
[bookforge] Repairing state: ch001 sc004...
[bookforge] State repair complete OK
[bookforge] Linting scene: ch001 sc004...
[bookforge] Lint status: pass
[bookforge] Applying state patch...
[bookforge] State updated OK
[bookforge] Updating character states...
[bookforge] Character states updated OK
[bookforge] Durable state updated OK
[bookforge] Persisting scene files...
[bookforge] Scene files written OK
[bookforge] Advancing cursor -> ch001 sc005
