run_id: run_20260212_095227
book_id: criticulous_b1
started_at: 2026-02-12T09:52:27Z
[bookforge] Using existing scene card: ch001 sc002
[bookforge] Loading character states (cast only): ch001 sc002...
[bookforge] Character states loaded OK
[bookforge] Character state snapshots written: 2
[bookforge] Preflight state alignment: ch001 sc002...
[bookforge] Using preflight patch from phase history
[bookforge] Preflight alignment complete OK
[bookforge] Generating continuity pack: ch001 sc002...
[bookforge] Using continuity pack from phase history
[bookforge] Continuity pack ready OK
[bookforge] Writing scene: ch001 sc002...
[bookforge] Using write artifacts from phase history
[bookforge] Write complete OK
[bookforge] Repairing state: ch001 sc002...
[bookforge] Using state_repair patch from phase history
[bookforge] State repair complete OK
[bookforge] Using lint report from phase history
[bookforge] Lint status: fail
[bookforge] Repairing scene: ch001 sc002...
[bookforge] Repair complete OK
[bookforge] Repairing state: ch001 sc002...
[bookforge] State repair complete OK
[bookforge] Linting scene: ch001 sc002...
[bookforge] Lint status: fail
[bookforge] Applying state patch...
[bookforge] State updated OK
[bookforge] Updating character states...
[bookforge] Character states updated OK
[bookforge] Run paused (durable_apply_validation_failed) in phase 'durable_apply_scene': Scope policy violation: non-physical plot_device_updates in non-present/non-real scope must include an allowed reason_category.
